\BOOKMARK [1][-]{Doc-Start}{\376\377\144\130\211\201}{}% 1
\BOOKMARK [1][-]{Doc-Start}{\376\377\000A\000b\000s\000t\000r\000a\000c\000t}{}% 2
\BOOKMARK [1][-]{section.1}{\376\377\176\352\213\272}{}% 3
\BOOKMARK [2][-]{subsection.1.1}{\376\377\170\024\172\166\200\314\146\157}{section.1}% 4
\BOOKMARK [2][-]{subsection.1.2}{\376\377\126\375\121\205\131\026\170\024\172\166\163\260\162\266}{section.1}% 5
\BOOKMARK [1][-]{section.2}{\376\377\147\011\226\120\121\103\164\006\213\272}{}% 6
\BOOKMARK [2][-]{subsection.2.1}{\376\377\000S\000o\000b\000o\000l\000e\000v\172\172\225\364}{section.2}% 7
\BOOKMARK [2][-]{subsection.2.2}{\376\377\137\071\140\047\225\356\230\230}{section.2}% 8
\BOOKMARK [3][-]{subsubsection.2.2.1}{\376\377\217\271\120\074\225\356\230\230}{subsection.2.2}% 9
\BOOKMARK [3][-]{subsubsection.2.2.2}{\376\377\123\330\122\006}{subsection.2.2}% 10
\BOOKMARK [3][-]{subsubsection.2.2.3}{\376\377\137\025\121\145\225\364\145\255\174\373\145\160}{subsection.2.2}% 11
\BOOKMARK [2][-]{subsection.2.3}{\376\377\171\273\145\143}{section.2}% 12
\BOOKMARK [3][-]{subsubsection.2.3.1}{\376\377\000G\000a\000l\000e\000r\000k\000i\000n\154\325}{subsection.2.3}% 13
\BOOKMARK [3][-]{subsubsection.2.3.2}{\376\377\176\277\140\047\121\103}{subsection.2.3}% 14
\BOOKMARK [3][-]{subsubsection.2.3.3}{\376\377\000C\000-\000R\121\103}{subsection.2.3}% 15
\BOOKMARK [2][-]{subsection.2.4}{\376\377\213\357\135\356\117\060\213\241}{section.2}% 16
\BOOKMARK [2][-]{subsection.2.5}{\376\377\225\355\225\001\163\260\214\141}{section.2}% 17
\BOOKMARK [1][-]{section.3}{\376\377\173\227\117\213}{}% 18
\BOOKMARK [2][-]{subsection.3.1}{\376\377\137\071\140\047\225\356\230\230}{section.3}% 19
\BOOKMARK [3][-]{subsubsection.3.1.1}{\376\377\173\227\117\213\116\000}{subsection.3.1}% 20
\BOOKMARK [3][-]{subsubsection.3.1.2}{\376\377\173\227\117\213\116\214}{subsection.3.1}% 21
\BOOKMARK [2][-]{subsection.3.2}{\376\377\136\046\225\364\145\255\174\373\145\160\166\204\137\071\140\047\225\356\230\230}{section.3}% 22
\BOOKMARK [3][-]{subsubsection.3.2.1}{\376\377\173\227\117\213\116\000}{subsection.3.2}% 23
\BOOKMARK [3][-]{subsubsection.3.2.2}{\376\377\173\227\117\213\116\214}{subsection.3.2}% 24
\BOOKMARK [1][-]{section.4}{\376\377\140\073\176\323}{}% 25
\BOOKMARK [1][-]{section*.26}{\376\377\123\302\200\003\145\207\163\056}{}% 26
\BOOKMARK [1][-]{section*.28}{\376\377\201\364\214\042}{}% 27
\BOOKMARK [1][-]{section.1}{\376\377\226\104\137\125\000\040\145\160\120\074\172\013\136\217}{}% 28
